<?xml version="1.0" encoding="UTF-8"?>
<testsuite xmlns:xsi="http://www.w3.org/2001/XMLSchema-instance" xsi:noNamespaceSchemaLocation="https://maven.apache.org/surefire/maven-surefire-plugin/xsd/surefire-test-report.xsd" name="com.g9.service.ConflictCheckerTest" time="0.004" tests="5" errors="0" skipped="0" failures="0">
  <properties>
[...]
</properties>
  <testcase name="testPasDeConflitHeuresQuiSeTouchent" classname="com.g9.service.ConflictCheckerTest" time="0.001"/>
  <testcase name="testConflictMemeProfMemeHeure" classname="com.g9.service.ConflictCheckerTest" time="0"/>
  <testcase name="testConflitChevauchementTotal" classname="com.g9.service.ConflictCheckerTest" time="0"/>
  <testcase name="testPasDeConflitJoursDifferents" classname="com.g9.service.ConflictCheckerTest" time="0"/>
  <testcase name="testConflictMemeSalleMemeHeure" classname="com.g9.service.ConflictCheckerTest" time="0.003"/>
</testsuite>